<?xml version="1.0" encoding="UTF-8"?>
<testng-results ignored="0" total="2" passed="2" failed="0" skipped="0">
  <reporter-output>
  </reporter-output>
  <suite started-at="2023-07-09T06:05:12Z" name="Default suite" finished-at="2023-07-09T06:05:18Z" duration-ms="5216">
    <groups>
    </groups>
    <test started-at="2023-07-09T06:05:12Z" name="Default test" finished-at="2023-07-09T06:05:18Z" duration-ms="5216">
      <class name="restAPIXMI.XMLTest">
        <test-method signature="Test1()[pri:0, instance:restAPIXMI.XMLTest@488d1cd7]" started-at="2023-07-09T06:05:12Z" name="Test1" finished-at="2023-07-09T06:05:16Z" duration-ms="3357" status="PASS">
          <reporter-output>
          </reporter-output>
        </test-method> <!-- Test1 -->
        <test-method signature="test2()[pri:0, instance:restAPIXMI.XMLTest@488d1cd7]" started-at="2023-07-09T06:05:16Z" name="test2" finished-at="2023-07-09T06:05:18Z" duration-ms="1806" status="PASS">
          <reporter-output>
          </reporter-output>
        </test-method> <!-- test2 -->
      </class> <!-- restAPIXMI.XMLTest -->
    </test> <!-- Default test -->
  </suite> <!-- Default suite -->
</testng-results>
